C:\USERS\KIM ROBERTSON\DOCUMENTS\VISUAL STUDIO 2012\PROJECTS\CSHARPLIB\CPLUSSTRING\DEBUG\CPLUSSTRING.PCH
C:\USERS\KIM ROBERTSON\DOCUMENTS\VISUAL STUDIO 2012\PROJECTS\CSHARPLIB\CPLUSSTRING\DEBUG\STDAFX.OBJ
C:\USERS\KIM ROBERTSON\DOCUMENTS\VISUAL STUDIO 2012\PROJECTS\CSHARPLIB\CPLUSSTRING\DEBUG\VC110.PDB
C:\USERS\KIM ROBERTSON\DOCUMENTS\VISUAL STUDIO 2012\PROJECTS\CSHARPLIB\CPLUSSTRING\DEBUG\CPLUSSTRING.OBJ
C:\USERS\KIM ROBERTSON\DOCUMENTS\VISUAL STUDIO 2012\PROJECTS\CSHARPLIB\CPLUSSTRING\DEBUG\ASSEMBLYINFO.OBJ
C:\USERS\KIM ROBERTSON\DOCUMENTS\VISUAL STUDIO 2012\PROJECTS\CSHARPLIB\CPLUSSTRING\DEBUG\.NETFRAMEWORK,VERSION=V4.5.ASSEMBLYATTRIBUTES.OBJ
C:\USERS\KIM ROBERTSON\DOCUMENTS\VISUAL STUDIO 2012\PROJECTS\CSHARPLIB\DEBUG\CPLUSSTRING.ILK
C:\USERS\KIM ROBERTSON\DOCUMENTS\VISUAL STUDIO 2012\PROJECTS\CSHARPLIB\DEBUG\CPLUSSTRING.EXE
C:\USERS\KIM ROBERTSON\DOCUMENTS\VISUAL STUDIO 2012\PROJECTS\CSHARPLIB\DEBUG\CPLUSSTRING.PDB
C:\USERS\KIM ROBERTSON\DOCUMENTS\VISUAL STUDIO 2012\PROJECTS\CSHARPLIB\CPLUSSTRING\DEBUG\APP.RES
c:\Users\kim robertson\documents\visual studio 2012\Projects\CSharpLib\CplusString\Debug\CplusString.vcxprojResolveAssemblyReference.cache
c:\Users\kim robertson\documents\visual studio 2012\Projects\CSharpLib\CplusString\Debug\.NETFramework,Version=v4.5.AssemblyAttributes.obj
c:\Users\kim robertson\documents\visual studio 2012\Projects\CSharpLib\CplusString\Debug\AssemblyInfo.obj
c:\Users\kim robertson\documents\visual studio 2012\Projects\CSharpLib\CplusString\Debug\CplusString.obj
c:\Users\kim robertson\documents\visual studio 2012\Projects\CSharpLib\CplusString\Debug\stdafx.obj
c:\Users\kim robertson\documents\visual studio 2012\Projects\CSharpLib\CplusString\Debug\cl.command.1.tlog
c:\Users\kim robertson\documents\visual studio 2012\Projects\CSharpLib\CplusString\Debug\CL.read.1.tlog
c:\Users\kim robertson\documents\visual studio 2012\Projects\CSharpLib\CplusString\Debug\CL.write.1.tlog
c:\Users\kim robertson\documents\visual studio 2012\Projects\CSharpLib\CplusString\Debug\link.12132-cvtres.read.1.tlog
c:\Users\kim robertson\documents\visual studio 2012\Projects\CSharpLib\CplusString\Debug\link.12132-cvtres.write.1.tlog
c:\Users\kim robertson\documents\visual studio 2012\Projects\CSharpLib\CplusString\Debug\link.12132-rc.read.1.tlog
c:\Users\kim robertson\documents\visual studio 2012\Projects\CSharpLib\CplusString\Debug\link.12132-rc.write.1.tlog
c:\Users\kim robertson\documents\visual studio 2012\Projects\CSharpLib\CplusString\Debug\link.12132.read.1.tlog
c:\Users\kim robertson\documents\visual studio 2012\Projects\CSharpLib\CplusString\Debug\link.12132.write.1.tlog
c:\Users\kim robertson\documents\visual studio 2012\Projects\CSharpLib\CplusString\Debug\link.14068-cvtres.read.1.tlog
c:\Users\kim robertson\documents\visual studio 2012\Projects\CSharpLib\CplusString\Debug\link.14068-cvtres.write.1.tlog
c:\Users\kim robertson\documents\visual studio 2012\Projects\CSharpLib\CplusString\Debug\link.14068-rc.read.1.tlog
c:\Users\kim robertson\documents\visual studio 2012\Projects\CSharpLib\CplusString\Debug\link.14068-rc.write.1.tlog
c:\Users\kim robertson\documents\visual studio 2012\Projects\CSharpLib\CplusString\Debug\link.14068.read.1.tlog
c:\Users\kim robertson\documents\visual studio 2012\Projects\CSharpLib\CplusString\Debug\link.14068.write.1.tlog
c:\Users\kim robertson\documents\visual studio 2012\Projects\CSharpLib\CplusString\Debug\link.9780-cvtres.read.1.tlog
c:\Users\kim robertson\documents\visual studio 2012\Projects\CSharpLib\CplusString\Debug\link.9780-cvtres.write.1.tlog
c:\Users\kim robertson\documents\visual studio 2012\Projects\CSharpLib\CplusString\Debug\link.9780-rc.read.1.tlog
c:\Users\kim robertson\documents\visual studio 2012\Projects\CSharpLib\CplusString\Debug\link.9780-rc.write.1.tlog
c:\Users\kim robertson\documents\visual studio 2012\Projects\CSharpLib\CplusString\Debug\link.9780.read.1.tlog
c:\Users\kim robertson\documents\visual studio 2012\Projects\CSharpLib\CplusString\Debug\link.9780.write.1.tlog
c:\Users\kim robertson\documents\visual studio 2012\Projects\CSharpLib\CplusString\Debug\link.command.1.tlog
c:\Users\kim robertson\documents\visual studio 2012\Projects\CSharpLib\CplusString\Debug\link.read.1.tlog
c:\Users\kim robertson\documents\visual studio 2012\Projects\CSharpLib\CplusString\Debug\link.write.1.tlog
c:\Users\kim robertson\documents\visual studio 2012\Projects\CSharpLib\CplusString\Debug\metagen.read.1.tlog
c:\Users\kim robertson\documents\visual studio 2012\Projects\CSharpLib\CplusString\Debug\metagen.write.1.tlog
c:\Users\kim robertson\documents\visual studio 2012\Projects\CSharpLib\CplusString\Debug\rc.command.1.tlog
c:\Users\kim robertson\documents\visual studio 2012\Projects\CSharpLib\CplusString\Debug\rc.read.1.tlog
c:\Users\kim robertson\documents\visual studio 2012\Projects\CSharpLib\CplusString\Debug\rc.write.1.tlog
c:\Users\kim robertson\documents\visual studio 2012\Projects\CSharpLib\CplusString\Debug\app.res
c:\Users\kim robertson\documents\visual studio 2012\Projects\CSharpLib\CplusString\Debug\CplusString.pch
c:\Users\kim robertson\documents\visual studio 2012\Projects\CSharpLib\CplusString\Debug\vc110.pdb
c:\Users\kim robertson\documents\visual studio 2012\Projects\CSharpLib\CplusString\Debug\RSAENH.DLL.bi
c:\Users\kim robertson\documents\visual studio 2012\Projects\CSharpLib\CplusString\Debug\TZRES.DLL.bi
c:\Users\kim robertson\documents\visual studio 2012\Projects\CSharpLib\Debug\CplusString.pdb
c:\Users\kim robertson\documents\visual studio 2012\Projects\CSharpLib\Debug\CplusString.exe
c:\Users\kim robertson\documents\visual studio 2012\Projects\CSharpLib\Debug\CplusString.ilk
